<?xml version="1.0" encoding="UTF-8"?>
<testng-results ignored="0" total="1" passed="1" failed="0" skipped="0">
  <reporter-output>
  </reporter-output>
  <suite started-at="2022-07-20T15:40:30 IST" name="Default suite" finished-at="2022-07-20T15:40:30 IST" duration-ms="119">
    <groups>
    </groups>
    <test started-at="2022-07-20T15:40:30 IST" name="Default test" finished-at="2022-07-20T15:40:30 IST" duration-ms="119">
      <class name="gitTesting.Test2">
        <test-method signature="testString()[pri:0, instance:gitTesting.Test2@6c779568]" started-at="2022-07-20T15:40:30 IST" name="testString" finished-at="2022-07-20T15:40:30 IST" duration-ms="17" status="PASS">
          <reporter-output>
          </reporter-output>
        </test-method> <!-- testString -->
      </class> <!-- gitTesting.Test2 -->
    </test> <!-- Default test -->
  </suite> <!-- Default suite -->
</testng-results>
